<?xml version="1.0" encoding="UTF-8"?>
<testsuite xmlns:xsi="http://www.w3.org/2001/XMLSchema-instance" xsi:noNamespaceSchemaLocation="https://maven.apache.org/surefire/maven-surefire-plugin/xsd/surefire-test-report-3.0.xsd" version="3.0" name="io.github.bonigarcia.CucumberTest" time="7.969" tests="2" errors="0" skipped="0" failures="0">
  <properties>
[...]
</properties>
  <testcase name="Successful login" classname="Login in practice site" time="6.72">
    <system-out><![CDATA[2022-04-20 17:14:51 [main] DEBUG i.g.b.wdm.cache.ResolutionCache.<init>(77) - Created new resolution cache file at /home/alexpinto/.cache/selenium/resolution.properties
2022-04-20 17:14:51 [main] DEBUG i.g.b.wdm.versions.VersionDetector.getBrowserVersionFromTheShell(205) - Detecting chrome version using online commands.properties
2022-04-20 17:14:51 [main] DEBUG i.g.bonigarcia.wdm.versions.Shell.runAndWaitArray(65) - Running command on the shell: [google-chrome, --version]
2022-04-20 17:14:51 [main] DEBUG i.g.bonigarcia.wdm.versions.Shell.runAndWaitArray(69) - Result: Google Chrome 95.0.4638.69
2022-04-20 17:14:52 [main] DEBUG i.g.b.wdm.versions.VersionDetector.getDriverVersionFromRepository(127) - Latest version of chromedriver according to https://chromedriver.storage.googleapis.com/LATEST_RELEASE_95 is 95.0.4638.69
2022-04-20 17:14:52 [main] INFO  i.g.bonigarcia.wdm.WebDriverManager.resolveDriverVersion(1122) - Using chromedriver 95.0.4638.69 (resolved driver for Chrome 95)
2022-04-20 17:14:52 [main] DEBUG i.g.b.wdm.cache.ResolutionCache.putValueInResolutionCacheIfEmpty(119) - Storing resolution chrome=95 in cache (valid until 18:14:52 20/04/2022 WEST)
2022-04-20 17:14:52 [main] DEBUG i.g.b.wdm.cache.ResolutionCache.putValueInResolutionCacheIfEmpty(119) - Storing resolution chrome95=95.0.4638.69 in cache (valid until 17:14:52 21/04/2022 WEST)
2022-04-20 17:14:52 [main] INFO  i.g.bonigarcia.wdm.WebDriverManager.logSeekRepo(1459) - Reading https://chromedriver.storage.googleapis.com/ to seek chromedriver
2022-04-20 17:14:52 [main] DEBUG i.g.bonigarcia.wdm.WebDriverManager.createUrlHandler(1351) - Driver to be downloaded chromedriver 95.0.4638.69
2022-04-20 17:14:52 [main] INFO  i.g.bonigarcia.wdm.online.Downloader.downloadAndExtract(127) - Downloading https://chromedriver.storage.googleapis.com/95.0.4638.69/chromedriver_linux64.zip
2022-04-20 17:14:53 [main] INFO  i.g.bonigarcia.wdm.online.Downloader.extract(188) - Extracting driver from compressed file chromedriver_linux64.zip
2022-04-20 17:14:53 [main] INFO  i.g.bonigarcia.wdm.WebDriverManager.exportDriver(1177) - Exporting webdriver.chrome.driver as /home/alexpinto/.cache/selenium/chromedriver/linux64/95.0.4638.69/chromedriver
]]></system-out>
    <system-err><![CDATA[Starting ChromeDriver 95.0.4638.69 (6a1600ed572fedecd573b6c2b90a22fe6392a410-refs/branch-heads/4638@{#984}) on port 48225
Only local connections are allowed.
Please see https://chromedriver.chromium.org/security-considerations for suggestions on keeping ChromeDriver safe.
ChromeDriver was started successfully.
abr 20, 2022 5:14:56 DA TARDE org.openqa.selenium.remote.ProtocolHandshake createSession
INFO: Detected dialect: W3C
abr 20, 2022 5:14:56 DA TARDE org.openqa.selenium.devtools.CdpVersionFinder findNearestMatch
WARNING: Unable to find an exact match for CDP version 95, so returning the closest version found: a no-op implementation
abr 20, 2022 5:14:56 DA TARDE org.openqa.selenium.devtools.CdpVersionFinder findNearestMatch
INFO: Unable to find CDP implementation matching 95.
abr 20, 2022 5:14:56 DA TARDE org.openqa.selenium.chromium.ChromiumDriver lambda$new$3
WARNING: Unable to find version of CDP to use for . You may need to include a dependency on a specific version of the CDP using something similar to `org.seleniumhq.selenium:selenium-devtools-v86:4.1.3` where the version ("v86") matches the version of the chromium-based browser you're using and the version number of the artifact is the same as Selenium's.
]]></system-err>
  </testcase>
  <testcase name="Failure login" classname="Login in practice site" time="1.105">
    <system-out><![CDATA[2022-04-20 17:14:57 [main] DEBUG i.g.b.wdm.cache.ResolutionCache.checkKeyInResolutionCache(186) - Resolution chrome=95 in cache (valid until 18:14:52 20/04/2022 WEST)
2022-04-20 17:14:57 [main] DEBUG i.g.b.wdm.cache.ResolutionCache.checkKeyInResolutionCache(186) - Resolution chrome95=95.0.4638.69 in cache (valid until 17:14:52 21/04/2022 WEST)
2022-04-20 17:14:57 [main] INFO  i.g.bonigarcia.wdm.WebDriverManager.resolveDriverVersion(1122) - Using chromedriver 95.0.4638.69 (resolved driver for Chrome 95)
2022-04-20 17:14:57 [main] DEBUG i.g.bonigarcia.wdm.WebDriverManager.manage(1078) - Driver chromedriver 95.0.4638.69 found in cache
2022-04-20 17:14:57 [main] INFO  i.g.bonigarcia.wdm.WebDriverManager.exportDriver(1177) - Exporting webdriver.chrome.driver as /home/alexpinto/.cache/selenium/chromedriver/linux64/95.0.4638.69/chromedriver
]]></system-out>
    <system-err><![CDATA[Starting ChromeDriver 95.0.4638.69 (6a1600ed572fedecd573b6c2b90a22fe6392a410-refs/branch-heads/4638@{#984}) on port 60434
Only local connections are allowed.
Please see https://chromedriver.chromium.org/security-considerations for suggestions on keeping ChromeDriver safe.
ChromeDriver was started successfully.
abr 20, 2022 5:14:58 DA TARDE org.openqa.selenium.remote.ProtocolHandshake createSession
INFO: Detected dialect: W3C
abr 20, 2022 5:14:58 DA TARDE org.openqa.selenium.devtools.CdpVersionFinder findNearestMatch
WARNING: Unable to find an exact match for CDP version 95, so returning the closest version found: a no-op implementation
abr 20, 2022 5:14:58 DA TARDE org.openqa.selenium.devtools.CdpVersionFinder findNearestMatch
INFO: Unable to find CDP implementation matching 95.
abr 20, 2022 5:14:58 DA TARDE org.openqa.selenium.chromium.ChromiumDriver lambda$new$3
WARNING: Unable to find version of CDP to use for . You may need to include a dependency on a specific version of the CDP using something similar to `org.seleniumhq.selenium:selenium-devtools-v86:4.1.3` where the version ("v86") matches the version of the chromium-based browser you're using and the version number of the artifact is the same as Selenium's.
]]></system-err>
  </testcase>
</testsuite>